<?xml version="1.0" encoding="UTF-8"?>
<testsuite xmlns:xsi="http://www.w3.org/2001/XMLSchema-instance" xsi:noNamespaceSchemaLocation="https://maven.apache.org/surefire/maven-surefire-plugin/xsd/surefire-test-report.xsd" name="com.walmart.app.UtilitiesTest" time="0.004" tests="6" errors="0" skipped="0" failures="0">
  <properties>
[...]
</properties>
  <testcase name="assignPartialSeatBlock" classname="com.walmart.app.UtilitiesTest" time="0"/>
  <testcase name="assignSeatBlock" classname="com.walmart.app.UtilitiesTest" time="0"/>
  <testcase name="mergeTwoContinuousBlocks" classname="com.walmart.app.UtilitiesTest" time="0"/>
  <testcase name="initializeRowSpace" classname="com.walmart.app.UtilitiesTest" time="0"/>
  <testcase name="initializeContinuousSpace" classname="com.walmart.app.UtilitiesTest" time="0"/>
  <testcase name="mergeTwoContinuousBlocksNotPossible" classname="com.walmart.app.UtilitiesTest" time="0"/>
</testsuite>